2018-01-17 12:13 INFO  Northwnd.Srv.Web.Api.WebApiApplication.Application_Start App Start
2018-01-17 13:34 INFO  Northwnd.Srv.Web.Api.WebApiApplication.Application_Start App Start
2018-01-17 13:50 INFO  Northwnd.Srv.Web.Api.WebApiApplication.Application_Start App Start
2018-01-17 13:50 ERROR Northwnd.Bl.SupplierBl.GetSupplierList System.InvalidOperationException: No connection string named 'NORTHWNDEntities' could be found in the application config file.
   at System.Data.Entity.Internal.LazyInternalConnection.get_ConnectionHasModel()
   at System.Data.Entity.Internal.LazyInternalContext.InitializeContext()
   at System.Data.Entity.Internal.InternalContext.GetEntitySetAndBaseTypeForType(Type entityType)
   at System.Data.Entity.Internal.Linq.InternalSet`1.Initialize()
   at System.Data.Entity.Internal.Linq.InternalSet`1.GetEnumerator()
   at System.Data.Entity.Infrastructure.DbQuery`1.System.Collections.Generic.IEnumerable<TResult>.GetEnumerator()
   at System.Collections.Generic.List`1..ctor(IEnumerable`1 collection)
   at System.Linq.Enumerable.ToList[TSource](IEnumerable`1 source)
   at Northwnd.Bl.SupplierBl.GetSupplierList() in D:\WorkSpace\Angular\my-app\Trunk\Source\2.Business Layer\Northwnd.Bl\SupplierBl.cs:line 21
2018-01-17 13:51 ERROR Northwnd.Bl.SupplierBl.GetSupplierList System.InvalidOperationException: No connection string named 'NORTHWNDEntities' could be found in the application config file.
   at System.Data.Entity.Internal.LazyInternalConnection.get_ConnectionHasModel()
   at System.Data.Entity.Internal.LazyInternalContext.InitializeContext()
   at System.Data.Entity.Internal.InternalContext.GetEntitySetAndBaseTypeForType(Type entityType)
   at System.Data.Entity.Internal.Linq.InternalSet`1.Initialize()
   at System.Data.Entity.Internal.Linq.InternalSet`1.GetEnumerator()
   at System.Data.Entity.Infrastructure.DbQuery`1.System.Collections.Generic.IEnumerable<TResult>.GetEnumerator()
   at System.Collections.Generic.List`1..ctor(IEnumerable`1 collection)
   at System.Linq.Enumerable.ToList[TSource](IEnumerable`1 source)
   at Northwnd.Bl.SupplierBl.GetSupplierList() in D:\WorkSpace\Angular\my-app\Trunk\Source\2.Business Layer\Northwnd.Bl\SupplierBl.cs:line 21
2018-01-17 13:52 ERROR Northwnd.Bl.SupplierBl.GetSupplierList System.InvalidOperationException: No connection string named 'NORTHWNDEntities' could be found in the application config file.
   at System.Data.Entity.Internal.LazyInternalConnection.get_ConnectionHasModel()
   at System.Data.Entity.Internal.LazyInternalContext.InitializeContext()
   at System.Data.Entity.Internal.InternalContext.GetEntitySetAndBaseTypeForType(Type entityType)
   at System.Data.Entity.Internal.Linq.InternalSet`1.Initialize()
   at System.Data.Entity.Internal.Linq.InternalSet`1.GetEnumerator()
   at System.Data.Entity.Infrastructure.DbQuery`1.System.Collections.Generic.IEnumerable<TResult>.GetEnumerator()
   at System.Collections.Generic.List`1..ctor(IEnumerable`1 collection)
   at System.Linq.Enumerable.ToList[TSource](IEnumerable`1 source)
   at Northwnd.Bl.SupplierBl.GetSupplierList() in D:\WorkSpace\Angular\my-app\Trunk\Source\2.Business Layer\Northwnd.Bl\SupplierBl.cs:line 21
2018-01-17 13:53 INFO  Northwnd.Srv.Web.Api.WebApiApplication.Application_Start App Start
2018-01-17 13:54 INFO  Northwnd.Srv.Web.Api.WebApiApplication.Application_Start App Start
2018-01-17 13:55 INFO  Northwnd.Srv.Web.Api.WebApiApplication.Application_Start App Start
2018-01-17 13:57 INFO  Northwnd.Srv.Web.Api.WebApiApplication.Application_Start App Start
2018-01-17 14:40 INFO  Northwnd.Srv.Web.Api.WebApiApplication.Application_Start App Start
2018-01-17 14:42 INFO  Northwnd.Srv.Web.Api.WebApiApplication.Application_Start App Start
2018-01-17 16:09 INFO  Northwnd.Srv.Web.Api.WebApiApplication.Application_Start App Start
2018-01-17 17:26 INFO  Northwnd.Srv.Web.Api.WebApiApplication.Application_Start App Start
2018-01-17 18:03 INFO  Northwnd.Srv.Web.Api.WebApiApplication.Application_Start App Start
2018-01-17 18:12 INFO  Northwnd.Srv.Web.Api.WebApiApplication.Application_Start App Start
2018-01-17 18:16 INFO  Northwnd.Srv.Web.Api.WebApiApplication.Application_Start App Start
2018-01-17 18:20 INFO  Northwnd.Srv.Web.Api.WebApiApplication.Application_Start App Start
2018-01-17 18:22 INFO  Northwnd.Srv.Web.Api.WebApiApplication.Application_Start App Start
2018-01-17 18:24 INFO  Northwnd.Srv.Web.Api.WebApiApplication.Application_Start App Start
2018-01-17 18:25 INFO  Northwnd.Srv.Web.Api.WebApiApplication.Application_Start App Start
2018-01-17 18:26 INFO  Northwnd.Srv.Web.Api.WebApiApplication.Application_Start App Start
2018-01-17 18:50 INFO  Northwnd.Srv.Web.Api.WebApiApplication.Application_Start App Start
2018-01-17 18:51 INFO  Northwnd.Srv.Web.Api.WebApiApplication.Application_Start App Start
2018-01-17 18:54 INFO  Northwnd.Srv.Web.Api.WebApiApplication.Application_Start App Start
2018-01-17 18:55 INFO  Northwnd.Srv.Web.Api.WebApiApplication.Application_Start App Start
